C:\USERS\SIMON\DOCUMENTS\VISUAL STUDIO 2012\PROJECTS\CO3402 ASSIGNMENT\CO3402 ASSIGNMENT\DEBUG\CO3402 ASSIGNMENT.PCH
C:\USERS\SIMON\DOCUMENTS\VISUAL STUDIO 2012\PROJECTS\CO3402 ASSIGNMENT\CO3402 ASSIGNMENT\DEBUG\STDAFX.OBJ
C:\USERS\SIMON\DOCUMENTS\VISUAL STUDIO 2012\PROJECTS\CO3402 ASSIGNMENT\CO3402 ASSIGNMENT\DEBUG\VC110.PDB
C:\USERS\SIMON\DOCUMENTS\VISUAL STUDIO 2012\PROJECTS\CO3402 ASSIGNMENT\CO3402 ASSIGNMENT\DEBUG\CO3402 ASSIGNMENT.OBJ
C:\USERS\SIMON\DOCUMENTS\VISUAL STUDIO 2012\PROJECTS\CO3402 ASSIGNMENT\CO3402 ASSIGNMENT\DEBUG\VECTORMAP.OBJ
C:\USERS\SIMON\DOCUMENTS\VISUAL STUDIO 2012\PROJECTS\CO3402 ASSIGNMENT\DEBUG\CO3402 ASSIGNMENT.ILK
C:\USERS\SIMON\DOCUMENTS\VISUAL STUDIO 2012\PROJECTS\CO3402 ASSIGNMENT\DEBUG\CO3402 ASSIGNMENT.EXE
C:\USERS\SIMON\DOCUMENTS\VISUAL STUDIO 2012\PROJECTS\CO3402 ASSIGNMENT\DEBUG\CO3402 ASSIGNMENT.PDB
C:\Users\Simon\Documents\Visual Studio 2012\Projects\CO3402 Assignment\CO3402 Assignment\Debug\CO3402 Assignment.obj
C:\Users\Simon\Documents\Visual Studio 2012\Projects\CO3402 Assignment\CO3402 Assignment\Debug\stdafx.obj
C:\Users\Simon\Documents\Visual Studio 2012\Projects\CO3402 Assignment\CO3402 Assignment\Debug\VectorMap.obj
C:\Users\Simon\Documents\Visual Studio 2012\Projects\CO3402 Assignment\CO3402 Assignment\Debug\cl.command.1.tlog
C:\Users\Simon\Documents\Visual Studio 2012\Projects\CO3402 Assignment\CO3402 Assignment\Debug\CL.read.1.tlog
C:\Users\Simon\Documents\Visual Studio 2012\Projects\CO3402 Assignment\CO3402 Assignment\Debug\CL.write.1.tlog
C:\Users\Simon\Documents\Visual Studio 2012\Projects\CO3402 Assignment\CO3402 Assignment\Debug\link-cvtres.read.1.tlog
C:\Users\Simon\Documents\Visual Studio 2012\Projects\CO3402 Assignment\CO3402 Assignment\Debug\link-cvtres.write.1.tlog
C:\Users\Simon\Documents\Visual Studio 2012\Projects\CO3402 Assignment\CO3402 Assignment\Debug\link-rc.read.1.tlog
C:\Users\Simon\Documents\Visual Studio 2012\Projects\CO3402 Assignment\CO3402 Assignment\Debug\link-rc.write.1.tlog
C:\Users\Simon\Documents\Visual Studio 2012\Projects\CO3402 Assignment\CO3402 Assignment\Debug\link.command.1.tlog
C:\Users\Simon\Documents\Visual Studio 2012\Projects\CO3402 Assignment\CO3402 Assignment\Debug\link.read.1.tlog
C:\Users\Simon\Documents\Visual Studio 2012\Projects\CO3402 Assignment\CO3402 Assignment\Debug\link.write.1.tlog
C:\Users\Simon\Documents\Visual Studio 2012\Projects\CO3402 Assignment\CO3402 Assignment\Debug\CO3402 Assignment.pch
C:\Users\Simon\Documents\Visual Studio 2012\Projects\CO3402 Assignment\CO3402 Assignment\Debug\vc110.idb
C:\Users\Simon\Documents\Visual Studio 2012\Projects\CO3402 Assignment\CO3402 Assignment\Debug\vc110.pdb
C:\Users\Simon\Documents\Visual Studio 2012\Projects\CO3402 Assignment\Debug\CO3402 Assignment.pdb
C:\Users\Simon\Documents\Visual Studio 2012\Projects\CO3402 Assignment\Debug\CO3402 Assignment.exe
C:\Users\Simon\Documents\Visual Studio 2012\Projects\CO3402 Assignment\Debug\CO3402 Assignment.ilk
