C:\USERS\SIMON\DOCUMENTS\VISUAL STUDIO 2012\PROJECTS\CO3402 ASSIGNMENT\CO3402 ASSIGNMENT\RELEASE\CO3402 ASSIGNMENT.PCH
C:\USERS\SIMON\DOCUMENTS\VISUAL STUDIO 2012\PROJECTS\CO3402 ASSIGNMENT\CO3402 ASSIGNMENT\RELEASE\STDAFX.OBJ
C:\USERS\SIMON\DOCUMENTS\VISUAL STUDIO 2012\PROJECTS\CO3402 ASSIGNMENT\CO3402 ASSIGNMENT\RELEASE\VC110.PDB
C:\USERS\SIMON\DOCUMENTS\VISUAL STUDIO 2012\PROJECTS\CO3402 ASSIGNMENT\CO3402 ASSIGNMENT\RELEASE\VECTORMAP.OBJ
C:\USERS\SIMON\DOCUMENTS\VISUAL STUDIO 2012\PROJECTS\CO3402 ASSIGNMENT\CO3402 ASSIGNMENT\RELEASE\CO3402 ASSIGNMENT.OBJ
C:\USERS\SIMON\DOCUMENTS\VISUAL STUDIO 2012\PROJECTS\CO3402 ASSIGNMENT\RELEASE\CO3402 ASSIGNMENT.EXE
C:\USERS\SIMON\DOCUMENTS\VISUAL STUDIO 2012\PROJECTS\CO3402 ASSIGNMENT\CO3402 ASSIGNMENT\RELEASE\CO3402 ASSIGNMENT.ASM
C:\USERS\SIMON\DOCUMENTS\VISUAL STUDIO 2012\PROJECTS\CO3402 ASSIGNMENT\CO3402 ASSIGNMENT\RELEASE\STDAFX.ASM
C:\USERS\SIMON\DOCUMENTS\VISUAL STUDIO 2012\PROJECTS\CO3402 ASSIGNMENT\CO3402 ASSIGNMENT\RELEASE\VECTORMAP.ASM
C:\USERS\SIMON\DOCUMENTS\VISUAL STUDIO 2012\PROJECTS\CO3402 ASSIGNMENT\RELEASE\CO3402 ASSIGNMENT.PDB
C:\Users\Simon\Documents\Visual Studio 2012\Projects\CO3402 Assignment\CO3402 Assignment\Release\CO3402 Assignment.obj
C:\Users\Simon\Documents\Visual Studio 2012\Projects\CO3402 Assignment\CO3402 Assignment\Release\stdafx.obj
C:\Users\Simon\Documents\Visual Studio 2012\Projects\CO3402 Assignment\CO3402 Assignment\Release\VectorMap.obj
C:\Users\Simon\Documents\Visual Studio 2012\Projects\CO3402 Assignment\CO3402 Assignment\Release\cl.command.1.tlog
C:\Users\Simon\Documents\Visual Studio 2012\Projects\CO3402 Assignment\CO3402 Assignment\Release\CL.read.1.tlog
C:\Users\Simon\Documents\Visual Studio 2012\Projects\CO3402 Assignment\CO3402 Assignment\Release\CL.write.1.tlog
C:\Users\Simon\Documents\Visual Studio 2012\Projects\CO3402 Assignment\CO3402 Assignment\Release\link-cvtres.read.1.tlog
C:\Users\Simon\Documents\Visual Studio 2012\Projects\CO3402 Assignment\CO3402 Assignment\Release\link-cvtres.write.1.tlog
C:\Users\Simon\Documents\Visual Studio 2012\Projects\CO3402 Assignment\CO3402 Assignment\Release\link-rc.read.1.tlog
C:\Users\Simon\Documents\Visual Studio 2012\Projects\CO3402 Assignment\CO3402 Assignment\Release\link-rc.write.1.tlog
C:\Users\Simon\Documents\Visual Studio 2012\Projects\CO3402 Assignment\CO3402 Assignment\Release\link.command.1.tlog
C:\Users\Simon\Documents\Visual Studio 2012\Projects\CO3402 Assignment\CO3402 Assignment\Release\link.read.1.tlog
C:\Users\Simon\Documents\Visual Studio 2012\Projects\CO3402 Assignment\CO3402 Assignment\Release\link.read.2.tlog
C:\Users\Simon\Documents\Visual Studio 2012\Projects\CO3402 Assignment\CO3402 Assignment\Release\link.read.3.tlog
C:\Users\Simon\Documents\Visual Studio 2012\Projects\CO3402 Assignment\CO3402 Assignment\Release\link.read.4.tlog
C:\Users\Simon\Documents\Visual Studio 2012\Projects\CO3402 Assignment\CO3402 Assignment\Release\link.read.5.tlog
C:\Users\Simon\Documents\Visual Studio 2012\Projects\CO3402 Assignment\CO3402 Assignment\Release\link.write.1.tlog
C:\Users\Simon\Documents\Visual Studio 2012\Projects\CO3402 Assignment\CO3402 Assignment\Release\CO3402 Assignment.pch
C:\Users\Simon\Documents\Visual Studio 2012\Projects\CO3402 Assignment\CO3402 Assignment\Release\vc110.pdb
C:\Users\Simon\Documents\Visual Studio 2012\Projects\CO3402 Assignment\Release\CO3402 Assignment.pdb
C:\Users\Simon\Documents\Visual Studio 2012\Projects\CO3402 Assignment\Release\CO3402 Assignment.exe
