Build started 01/12/2014 19:22:42.
     1>Project "C:\Users\Simon\Documents\Visual Studio 2012\Projects\CO3402 Assignment\CO3402 Assignment\CO3402 Assignment.vcxproj" on node 2 (Rebuild target(s)).
     1>ClCompile:
         C:\Program Files (x86)\Microsoft Visual Studio 11.0\VC\bin\CL.exe /c /Zi /nologo /W3 /WX- /sdl /O2 /Oi /Oy- /GL /D WIN32 /D NDEBUG /D _CONSOLE /D _UNICODE /D UNICODE /Gm- /EHsc /MD /GS /Gy /fp:precise /Zc:wchar_t /Zc:forScope /Yc"stdafx.h" /Fp"Release\CO3402 Assignment.pch" /FAs /Fa"Release\\" /Fo"Release\\" /Fd"Release\vc110.pdb" /Gd /TP /analyze- /errorReport:prompt stdafx.cpp
         stdafx.cpp
         C:\Program Files (x86)\Microsoft Visual Studio 11.0\VC\bin\CL.exe /c /Zi /nologo /W3 /WX- /sdl /O2 /Oi /Oy- /GL /D WIN32 /D NDEBUG /D _CONSOLE /D _UNICODE /D UNICODE /Gm- /EHsc /MD /GS /Gy /fp:precise /Zc:wchar_t /Zc:forScope /Yu"stdafx.h" /Fp"Release\CO3402 Assignment.pch" /FAs /Fa"Release\\" /Fo"Release\\" /Fd"Release\vc110.pdb" /Gd /TP /analyze- /errorReport:prompt "CO3402 Assignment.cpp" VectorMap.cpp
         CO3402 Assignment.cpp
     1>c:\users\simon\documents\visual studio 2012\projects\co3402 assignment\co3402 assignment\VectorMap.cpp(50): warning C4101: 'data' : unreferenced local variable
                 c:\users\simon\documents\visual studio 2012\projects\co3402 assignment\co3402 assignment\VectorMap.cpp(47) : while compiling class template member function 'bool CVectorMap<KeyType,DataType>::InsertData(KeyType,DataType)'
                 with
                 [
                     KeyType=std::string *,
                     DataType=std::string *
                 ]
                 CO3402 Assignment.cpp(152) : see reference to function template instantiation 'bool CVectorMap<KeyType,DataType>::InsertData(KeyType,DataType)' being compiled
                 with
                 [
                     KeyType=std::string *,
                     DataType=std::string *
                 ]
                 CO3402 Assignment.cpp(39) : see reference to class template instantiation 'CVectorMap<KeyType,DataType>' being compiled
                 with
                 [
                     KeyType=std::string *,
                     DataType=std::string *
                 ]
         VectorMap.cpp
       Link:
         C:\Program Files (x86)\Microsoft Visual Studio 11.0\VC\bin\link.exe /ERRORREPORT:PROMPT /OUT:"C:\Users\Simon\Documents\Visual Studio 2012\Projects\CO3402 Assignment\Release\CO3402 Assignment.exe" /INCREMENTAL:NO /NOLOGO kernel32.lib user32.lib gdi32.lib winspool.lib comdlg32.lib advapi32.lib shell32.lib ole32.lib oleaut32.lib uuid.lib odbc32.lib odbccp32.lib /MANIFEST /MANIFESTUAC:"level='asInvoker' uiAccess='false'" /manifest:embed /DEBUG /PDB:"C:\Users\Simon\Documents\Visual Studio 2012\Projects\CO3402 Assignment\Release\CO3402 Assignment.pdb" /SUBSYSTEM:CONSOLE /OPT:REF /OPT:ICF /LTCG /TLBID:1 /DYNAMICBASE /NXCOMPAT /IMPLIB:"C:\Users\Simon\Documents\Visual Studio 2012\Projects\CO3402 Assignment\Release\CO3402 Assignment.lib" /MACHINE:X86 /SAFESEH "Release\CO3402 Assignment.obj"
         Release\stdafx.obj
         Release\VectorMap.obj
         Generating code
         Finished generating code
         CO3402 Assignment.vcxproj -> C:\Users\Simon\Documents\Visual Studio 2012\Projects\CO3402 Assignment\Release\CO3402 Assignment.exe
     1>Done Building Project "C:\Users\Simon\Documents\Visual Studio 2012\Projects\CO3402 Assignment\CO3402 Assignment\CO3402 Assignment.vcxproj" (Rebuild target(s)).

Build succeeded.

Time Elapsed 00:00:06.62
